<?xml version="1.0" encoding="UTF-8"?>
<!-- Generated by org.testng.reporters.JUnitReportReporter -->
<testsuite skipped="0" hostname="DESKTOP-OJE8JNQ" name="com.webtest.demo.Demo" tests="1" failures="0" timestamp="2020-11-18T09:56:33 CST" time="69.902" errors="0">
  <testcase name="test5addselectgroup" time="69.902" classname="com.webtest.demo.Demo"/>
  <system-out/>
</testsuite> <!-- com.webtest.demo.Demo -->
