<?xml version="1.0" encoding="UTF-8"?>
<!-- Generated by org.testng.reporters.JUnitReportReporter -->
<testsuite skipped="0" hostname="DESKTOP-OJE8JNQ" name="com.webtest.demo.EditDemo" tests="1" failures="0" timestamp="2020-11-18T11:21:44 CST" time="36.364" errors="0">
  <testcase name="test_editcustomextends" time="36.364" classname="com.webtest.demo.EditDemo"/>
  <system-out/>
</testsuite> <!-- com.webtest.demo.EditDemo -->
