<?xml version="1.0" encoding="UTF-8"?>
<!-- Generated by org.testng.reporters.JUnitReportReporter -->
<testsuite skipped="0" hostname="DESKTOP-OJE8JNQ" name="com.webtest.demo.Demo1" tests="1" failures="0" timestamp="2020-11-18T10:18:56 CST" time="39.281" errors="0">
  <testcase name="test1" time="39.281" classname="com.webtest.demo.Demo1"/>
  <system-out/>
</testsuite> <!-- com.webtest.demo.Demo1 -->
