<?xml version="1.0" encoding="UTF-8"?>
<!-- Generated by org.testng.reporters.JUnitReportReporter -->
<testsuite skipped="0" hostname="DESKTOP-OJE8JNQ" name="com.webtest.demo.DeleteDemo" tests="1" failures="0" timestamp="2020-11-18T14:19:05 CST" time="24.998" errors="0">
  <testcase name="test_detelecustom" time="24.998" classname="com.webtest.demo.DeleteDemo"/>
  <system-out/>
</testsuite> <!-- com.webtest.demo.DeleteDemo -->
