<?xml version="1.0" encoding="UTF-8"?>
<!-- Generated by org.testng.reporters.JUnitReportReporter -->
<testsuite skipped="0" hostname="DESKTOP-OJE8JNQ" name="com.webtest.demo.Admin_Login" tests="1" failures="0" timestamp="2020-11-16T14:45:39 CST" time="17.167" errors="0">
  <testcase name="testLogin" time="17.167" classname="com.webtest.demo.Admin_Login"/>
  <system-out/>
</testsuite> <!-- com.webtest.demo.Admin_Login -->
